<?xml version="1.0" encoding="UTF-8" ?>
<testsuite errors="0" failures="0" hostname="DESKTOP-88708N4" name="model.entities.ItemTest" skipped="0" tests="4" time="0.147" timestamp="2022-12-31T20:26:36">
  <properties>
    <property name="libs.spring-framework300.classpath" value="C:\Program Files\NetBeans-15\netbeans\platform\modules\org-apache-commons-logging.jar;C:\Program Files\NetBeans-15\netbeans\java\modules\ext\cglib-2.2.jar;C:\Program Files\NetBeans-15\netbeans\java\modules\ext\spring-3.0\spring-aop-3.2.18.RELEASE.jar;C:\Program Files\NetBeans-15\netbeans\java\modules\ext\spring-3.0\spring-aspects-3.2.18.RELEASE.jar;C:\Program Files\NetBeans-15\netbeans\java\modules\ext\spring-3.0\spring-beans-3.2.18.RELEASE.jar;C:\Program Files\NetBeans-15\netbeans\java\modules\ext\spring-3.0\spring-context-3.2.18.RELEASE.jar;C:\Program Files\NetBeans-15\netbeans\java\modules\ext\spring-3.0\spring-context-support-3.2.18.RELEASE.jar;C:\Program Files\NetBeans-15\netbeans\java\modules\ext\spring-3.0\spring-core-3.2.18.RELEASE.jar;C:\Program Files\NetBeans-15\netbeans\java\modules\ext\spring-3.0\spring-expression-3.2.18.RELEASE.jar;C:\Program Files\NetBeans-15\netbeans\java\modules\ext\spring-3.0\spring-instrument-3.2.18.RELEASE.jar;C:\Program Files\NetBeans-15\netbeans\java\modules\ext\spring-3.0\spring-instrument-tomcat-3.2.18.RELEASE.jar;C:\Program Files\NetBeans-15\netbeans\java\modules\ext\spring-3.0\spring-jdbc-3.2.18.RELEASE.jar;C:\Program Files\NetBeans-15\netbeans\java\modules\ext\spring-3.0\spring-jms-3.2.18.RELEASE.jar;C:\Program Files\NetBeans-15\netbeans\java\modules\ext\spring-3.0\spring-orm-3.2.18.RELEASE.jar;C:\Program Files\NetBeans-15\netbeans\java\modules\ext\spring-3.0\spring-oxm-3.2.18.RELEASE.jar;C:\Program Files\NetBeans-15\netbeans\java\modules\ext\spring-3.0\spring-struts-3.2.18.RELEASE.jar;C:\Program Files\NetBeans-15\netbeans\java\modules\ext\spring-3.0\spring-test-3.2.18.RELEASE.jar;C:\Program Files\NetBeans-15\netbeans\java\modules\ext\spring-3.0\spring-tx-3.2.18.RELEASE.jar;C:\Program Files\NetBeans-15\netbeans\java\modules\ext\spring-3.0\spring-web-3.2.18.RELEASE.jar;C:\Program Files\NetBeans-15\netbeans\java\modules\ext\spring-3.0\spring-webmvc-3.2.18.RELEASE.jar;C:\Program Files\NetBeans-15\netbeans\java\modules\ext\spring-3.0\spring-webmvc-portlet-3.2.18.RELEASE.jar" />
    <property name="javac.test.classpath" value=":build/classes:C:\Program Files\NetBeans-15\netbeans\platform\modules\ext\junit-4.13.2.jar:C:\Program Files\NetBeans-15\netbeans\platform\modules\ext\hamcrest-core-1.3.jar" />
    <property name="java.specification.version" value="18" />
    <property name="javafx.run.inbrowser.path" value="" />
    <property name="libs.spring-framework500.classpath" value="C:\Program Files\NetBeans-15\netbeans\platform\modules\org-apache-commons-logging.jar;C:\Program Files\NetBeans-15\netbeans\java\modules\ext\cglib-2.2.jar;C:\Program Files\NetBeans-15\netbeans\java\modules\ext\spring-5\spring-aop-5.2.9.RELEASE.jar;C:\Program Files\NetBeans-15\netbeans\java\modules\ext\spring-5\spring-aspects-5.2.9.RELEASE.jar;C:\Program Files\NetBeans-15\netbeans\java\modules\ext\spring-5\spring-beans-5.2.9.RELEASE.jar;C:\Program Files\NetBeans-15\netbeans\java\modules\ext\spring-5\spring-context-5.2.9.RELEASE.jar;C:\Program Files\NetBeans-15\netbeans\java\modules\ext\spring-5\spring-context-indexer-5.2.9.RELEASE.jar;C:\Program Files\NetBeans-15\netbeans\java\modules\ext\spring-5\spring-context-support-5.2.9.RELEASE.jar;C:\Program Files\NetBeans-15\netbeans\java\modules\ext\spring-5\spring-core-5.2.9.RELEASE.jar;C:\Program Files\NetBeans-15\netbeans\java\modules\ext\spring-5\spring-expression-5.2.9.RELEASE.jar;C:\Program Files\NetBeans-15\netbeans\java\modules\ext\spring-5\spring-instrument-5.2.9.RELEASE.jar;C:\Program Files\NetBeans-15\netbeans\java\modules\ext\spring-5\spring-jcl-5.2.9.RELEASE.jar;C:\Program Files\NetBeans-15\netbeans\java\modules\ext\spring-5\spring-jdbc-5.2.9.RELEASE.jar;C:\Program Files\NetBeans-15\netbeans\java\modules\ext\spring-5\spring-jms-5.2.9.RELEASE.jar;C:\Program Files\NetBeans-15\netbeans\java\modules\ext\spring-5\spring-messaging-5.2.9.RELEASE.jar;C:\Program Files\NetBeans-15\netbeans\java\modules\ext\spring-5\spring-orm-5.2.9.RELEASE.jar;C:\Program Files\NetBeans-15\netbeans\java\modules\ext\spring-5\spring-oxm-5.2.9.RELEASE.jar;C:\Program Files\NetBeans-15\netbeans\java\modules\ext\spring-5\spring-test-5.2.9.RELEASE.jar;C:\Program Files\NetBeans-15\netbeans\java\modules\ext\spring-5\spring-tx-5.2.9.RELEASE.jar;C:\Program Files\NetBeans-15\netbeans\java\modules\ext\spring-5\spring-web-5.2.9.RELEASE.jar;C:\Program Files\NetBeans-15\netbeans\java\modules\ext\spring-5\spring-webflux-5.2.9.RELEASE.jar;C:\Program Files\NetBeans-15\netbeans\java\modules\ext\spring-5\spring-webmvc-5.2.9.RELEASE.jar;C:\Program Files\NetBeans-15\netbeans\java\modules\ext\spring-5\spring-websocket-5.2.9.RELEASE.jar" />
    <property name="jar.index.metainf" value="false" />
    <property name="javafx.preloader.project.path" value="" />
    <property name="libs.spring-framework400.classpath" value="C:\Program Files\NetBeans-15\netbeans\platform\modules\org-apache-commons-logging.jar;C:\Program Files\NetBeans-15\netbeans\java\modules\ext\cglib-2.2.jar;C:\Program Files\NetBeans-15\netbeans\java\modules\ext\spring-4\spring-aop-4.3.29.RELEASE.jar;C:\Program Files\NetBeans-15\netbeans\java\modules\ext\spring-4\spring-aspects-4.3.29.RELEASE.jar;C:\Program Files\NetBeans-15\netbeans\java\modules\ext\spring-4\spring-beans-4.3.29.RELEASE.jar;C:\Program Files\NetBeans-15\netbeans\java\modules\ext\spring-4\spring-context-4.3.29.RELEASE.jar;C:\Program Files\NetBeans-15\netbeans\java\modules\ext\spring-4\spring-context-support-4.3.29.RELEASE.jar;C:\Program Files\NetBeans-15\netbeans\java\modules\ext\spring-4\spring-core-4.3.29.RELEASE.jar;C:\Program Files\NetBeans-15\netbeans\java\modules\ext\spring-4\spring-expression-4.3.29.RELEASE.jar;C:\Program Files\NetBeans-15\netbeans\java\modules\ext\spring-4\spring-instrument-4.3.29.RELEASE.jar;C:\Program Files\NetBeans-15\netbeans\java\modules\ext\spring-4\spring-instrument-tomcat-4.3.29.RELEASE.jar;C:\Program Files\NetBeans-15\netbeans\java\modules\ext\spring-4\spring-jdbc-4.3.29.RELEASE.jar;C:\Program Files\NetBeans-15\netbeans\java\modules\ext\spring-4\spring-jms-4.3.29.RELEASE.jar;C:\Program Files\NetBeans-15\netbeans\java\modules\ext\spring-4\spring-messaging-4.3.29.RELEASE.jar;C:\Program Files\NetBeans-15\netbeans\java\modules\ext\spring-4\spring-orm-4.3.29.RELEASE.jar;C:\Program Files\NetBeans-15\netbeans\java\modules\ext\spring-4\spring-oxm-4.3.29.RELEASE.jar;C:\Program Files\NetBeans-15\netbeans\java\modules\ext\spring-4\spring-test-4.3.29.RELEASE.jar;C:\Program Files\NetBeans-15\netbeans\java\modules\ext\spring-4\spring-tx-4.3.29.RELEASE.jar;C:\Program Files\NetBeans-15\netbeans\java\modules\ext\spring-4\spring-web-4.3.29.RELEASE.jar;C:\Program Files\NetBeans-15\netbeans\java\modules\ext\spring-4\spring-webmvc-4.3.29.RELEASE.jar;C:\Program Files\NetBeans-15\netbeans\java\modules\ext\spring-4\spring-webmvc-portlet-4.3.29.RELEASE.jar;C:\Program Files\NetBeans-15\netbeans\java\modules\ext\spring-4\spring-websocket-4.3.29.RELEASE.jar" />
    <property name="libs.spring-webmvc4.0.javadoc" value="" />
    <property name="test.binaryincludes" value="&lt;nothing&gt;" />
    <property name="ant.file.type.jfx-impl" value="file" />
    <property name="debug-transport" value="dt_shmem" />
    <property name="do.jlink" value="false" />
    <property name="libs.javaee-web-api-8.0.src" value="" />
    <property name="java.vendor.url" value="http://www.azul.com/" />
    <property name="javafx.run.inbrowser" value="&lt;Default System Browser&gt;" />
    <property name="debug.modulepath" value="C:\Users\lieds\Downloads\openjfx-19_windows-x86_bin-sdk.zip" />
    <property name="libs.jsp-compilation.src" value="" />
    <property name="libs.eclipselink.javadoc" value="C:\Program Files\NetBeans-15\netbeans\java\modules\ext\docs\jakarta.persistence-2.2.3-doc.zip" />
    <property name="libs.JWSAntTasks.javadoc" value="" />
    <property name="sun.boot.library.path" value="C:\Program Files\Zulu\zulu-18\bin" />
    <property name="platform.home" value="C:\Program Files\Zulu\zulu-18" />
    <property name="sun.java.command" value="org.apache.tools.ant.taskdefs.optional.junit.JUnitTestRunner model.entities.ItemTest skipNonTests=false filtertrace=true haltOnError=false haltOnFailure=false showoutput=true outputtoformatters=true logfailedtests=true threadid=0 logtestlistenerevents=true formatter=org.apache.tools.ant.taskdefs.optional.junit.BriefJUnitResultFormatter formatter=org.apache.tools.ant.taskdefs.optional.junit.XMLJUnitResultFormatter,C:\Users\lieds\OneDrive\Documentos\GitHub\Orca_simples\Orca_simples\build\test\results\TEST-model.entities.ItemTest.xml crashfile=C:\Users\lieds\OneDrive\Documentos\GitHub\Orca_simples\Orca_simples\build\junitvmwatcher4638348443225165041.properties propsfile=C:\Users\lieds\OneDrive\Documentos\GitHub\Orca_simples\Orca_simples\build\junit10209571592038094455.properties" />
    <property name="jdk.debug" value="release" />
    <property name="javafx.enable.concurrent.external.runs" value="false" />
    <property name="libs.spring-framework300.src" value="" />
    <property name="javadoc.use" value="true" />
    <property name="ant.file.Orca_simples" value="C:\Users\lieds\OneDrive\Documentos\GitHub\Orca_simples\Orca_simples\build.xml" />
    <property name="javadoc.notree" value="false" />
    <property name="basedir" value="C:\Users\lieds\OneDrive\Documentos\GitHub\Orca_simples\Orca_simples" />
    <property name="application.vendor" value="Acer" />
    <property name="java.specification.name" value="Java Platform API Specification" />
    <property name="java.vm.specification.vendor" value="Oracle Corporation" />
    <property name="libs.jsf20.classpath" value="C:\Program Files\NetBeans-15\netbeans\enterprise\modules\ext\jsf-2_2\javax.faces.jar" />
    <property name="netbeans.extbrowser.manual_chrome_plugin_install" value="yes" />
    <property name="netbeans.default_userdir_root" value="C:\Users\lieds\AppData\Roaming\NetBeans" />
    <property name="libs.spring-framework500.javadoc" value="" />
    <property name="libs.jsp-compilation-syscp.src" value="" />
    <property name="jdk.home" value="C:\Program Files\Java\jdk-19" />
    <property name="java.runtime.version" value="18.0.2.1+1" />
    <property name="libs.eclipselink.maven-pom" value="" />
    <property name="libs.metro.maven-pom" value="" />
    <property name="libs.JAXB-ENDORSED.javadoc" value="" />
    <property name="sun.java2d.noddraw" value="true" />
    <property name="platform.bootcp" value="C:\Program Files\Zulu\zulu-18\!/modules/java.base/;C:\Program Files\Zulu\zulu-18\!/modules/java.compiler/;C:\Program Files\Zulu\zulu-18\!/modules/java.datatransfer/;C:\Program Files\Zulu\zulu-18\!/modules/java.desktop/;C:\Program Files\Zulu\zulu-18\!/modules/java.instrument/;C:\Program Files\Zulu\zulu-18\!/modules/java.logging/;C:\Program Files\Zulu\zulu-18\!/modules/java.management/;C:\Program Files\Zulu\zulu-18\!/modules/java.management.rmi/;C:\Program Files\Zulu\zulu-18\!/modules/java.naming/;C:\Program Files\Zulu\zulu-18\!/modules/java.net.http/;C:\Program Files\Zulu\zulu-18\!/modules/java.prefs/;C:\Program Files\Zulu\zulu-18\!/modules/java.rmi/;C:\Program Files\Zulu\zulu-18\!/modules/java.scripting/;C:\Program Files\Zulu\zulu-18\!/modules/java.se/;C:\Program Files\Zulu\zulu-18\!/modules/java.security.jgss/;C:\Program Files\Zulu\zulu-18\!/modules/java.security.sasl/;C:\Program Files\Zulu\zulu-18\!/modules/java.smartcardio/;C:\Program Files\Zulu\zulu-18\!/modules/java.sql/;C:\Program Files\Zulu\zulu-18\!/modules/java.sql.rowset/;C:\Program Files\Zulu\zulu-18\!/modules/java.transaction.xa/;C:\Program Files\Zulu\zulu-18\!/modules/java.xml/;C:\Program Files\Zulu\zulu-18\!/modules/java.xml.crypto/;C:\Program Files\Zulu\zulu-18\!/modules/javafx.base/;C:\Program Files\Zulu\zulu-18\!/modules/javafx.controls/;C:\Program Files\Zulu\zulu-18\!/modules/javafx.fxml/;C:\Program Files\Zulu\zulu-18\!/modules/javafx.graphics/;C:\Program Files\Zulu\zulu-18\!/modules/javafx.media/;C:\Program Files\Zulu\zulu-18\!/modules/javafx.swing/;C:\Program Files\Zulu\zulu-18\!/modules/javafx.web/;C:\Program Files\Zulu\zulu-18\!/modules/jdk.accessibility/;C:\Program Files\Zulu\zulu-18\!/modules/jdk.attach/;C:\Program Files\Zulu\zulu-18\!/modules/jdk.charsets/;C:\Program Files\Zulu\zulu-18\!/modules/jdk.compiler/;C:\Program Files\Zulu\zulu-18\!/modules/jdk.crypto.cryptoki/;C:\Program Files\Zulu\zulu-18\!/modules/jdk.crypto.ec/;C:\Program Files\Zulu\zulu-18\!/modules/jdk.crypto.mscapi/;C:\Program Files\Zulu\zulu-18\!/modules/jdk.dynalink/;C:\Program Files\Zulu\zulu-18\!/modules/jdk.editpad/;C:\Program Files\Zulu\zulu-18\!/modules/jdk.hotspot.agent/;C:\Program Files\Zulu\zulu-18\!/modules/jdk.httpserver/;C:\Program Files\Zulu\zulu-18\!/modules/jdk.incubator.foreign/;C:\Program Files\Zulu\zulu-18\!/modules/jdk.incubator.vector/;C:\Program Files\Zulu\zulu-18\!/modules/jdk.internal.ed/;C:\Program Files\Zulu\zulu-18\!/modules/jdk.internal.jvmstat/;C:\Program Files\Zulu\zulu-18\!/modules/jdk.internal.le/;C:\Program Files\Zulu\zulu-18\!/modules/jdk.internal.opt/;C:\Program Files\Zulu\zulu-18\!/modules/jdk.internal.vm.ci/;C:\Program Files\Zulu\zulu-18\!/modules/jdk.internal.vm.compiler/;C:\Program Files\Zulu\zulu-18\!/modules/jdk.internal.vm.compiler.management/;C:\Program Files\Zulu\zulu-18\!/modules/jdk.jartool/;C:\Program Files\Zulu\zulu-18\!/modules/jdk.javadoc/;C:\Program Files\Zulu\zulu-18\!/modules/jdk.jcmd/;C:\Program Files\Zulu\zulu-18\!/modules/jdk.jconsole/;C:\Program Files\Zulu\zulu-18\!/modules/jdk.jdeps/;C:\Program Files\Zulu\zulu-18\!/modules/jdk.jdi/;C:\Program Files\Zulu\zulu-18\!/modules/jdk.jdwp.agent/;C:\Program Files\Zulu\zulu-18\!/modules/jdk.jfr/;C:\Program Files\Zulu\zulu-18\!/modules/jdk.jlink/;C:\Program Files\Zulu\zulu-18\!/modules/jdk.jpackage/;C:\Program Files\Zulu\zulu-18\!/modules/jdk.jshell/;C:\Program Files\Zulu\zulu-18\!/modules/jdk.jsobject/;C:\Program Files\Zulu\zulu-18\!/modules/jdk.jstatd/;C:\Program Files\Zulu\zulu-18\!/modules/jdk.localedata/;C:\Program Files\Zulu\zulu-18\!/modules/jdk.management/;C:\Program Files\Zulu\zulu-18\!/modules/jdk.management.agent/;C:\Program Files\Zulu\zulu-18\!/modules/jdk.management.jfr/;C:\Program Files\Zulu\zulu-18\!/modules/jdk.naming.dns/;C:\Program Files\Zulu\zulu-18\!/modules/jdk.naming.rmi/;C:\Program Files\Zulu\zulu-18\!/modules/jdk.net/;C:\Program Files\Zulu\zulu-18\!/modules/jdk.nio.mapmode/;C:\Program Files\Zulu\zulu-18\!/modules/jdk.random/;C:\Program Files\Zulu\zulu-18\!/modules/jdk.sctp/;C:\Program Files\Zulu\zulu-18\!/modules/jdk.security.auth/;C:\Program Files\Zulu\zulu-18\!/modules/jdk.security.jgss/;C:\Program Files\Zulu\zulu-18\!/modules/jdk.unsupported/;C:\Program Files\Zulu\zulu-18\!/modules/jdk.unsupported.desktop/;C:\Program Files\Zulu\zulu-18\!/modules/jdk.xml.dom/;C:\Program Files\Zulu\zulu-18\!/modules/jdk.zipfs/" />
    <property name="sun.zip.disableMemoryMapping" value="true" />
    <property name="jnidispatch.path" value="C:\Users\lieds\AppData\Local\Temp\jna-102968599\jna12855769701188819041.dll" />
    <property name="libs.primefaces.javadoc" value="" />
    <property name="libs.jsp-compilation.javadoc" value="" />
    <property name="libs.jsf12.src" value="" />
    <property name="libs.groovy-all.maven-pom" value="" />
    <property name="javafx.deploy.adddesktopshortcut" value="false" />
    <property name="libs.restapi.src" value="" />
    <property name="java.vendor.version" value="Zulu18.32+13-CA" />
    <property name="libs.junit_5.javadoc" value="C:\Program Files\NetBeans-15\netbeans\platform\docs\junit-jupiter-api-5.6.0-javadoc.jar;C:\Program Files\NetBeans-15\netbeans\platform\docs\junit-jupiter-params-5.6.0-javadoc.jar;C:\Program Files\NetBeans-15\netbeans\platform\docs\junit-jupiter-engine-5.6.0-javadoc.jar" />
    <property name="jnlp.enabled" value="false" />
    <property name="java.io.tmpdir" value="C:\Users\lieds\AppData\Local\Temp\" />
    <property name="java.version" value="18.0.2.1" />
    <property name="java.vm.specification.name" value="Java Virtual Machine Specification" />
    <property name="libs.jakartaee-api-8.0.javadoc" value="C:\Program Files\NetBeans-15\netbeans\enterprise\docs\jakartaee8-doc-api.jar" />
    <property name="ant.file.jfx-impl" value="C:\Users\lieds\OneDrive\Documentos\GitHub\Orca_simples\Orca_simples\nbproject\jfx-impl.xml" />
    <property name="native.encoding" value="Cp1252" />
    <property name="java.library.path" value="C:\Program Files\Zulu\zulu-18\bin;C:\Windows\Sun\Java\bin;C:\Windows\system32;C:\Windows;C:\Program Files\Zulu\zulu-18\bin\;C:\Program Files\Common Files\Oracle\Java\javapath;C:\Python311\Scripts\;C:\Python311\;C:\Program Files (x86)\Common Files\Oracle\Java\javapath;C:\Windows\system32;C:\Windows;C:\Windows\System32\Wbem;C:\Windows\System32\WindowsPowerShell\v1.0\;C:\Windows\System32\OpenSSH\;C:\Program Files\Microsoft VS Code\bin;C:\Program Files\Git\cmd;C:\Program Files\nodejs\;C:\ProgramData\chocolatey\bin;C:\Program Files\MySQL\MySQL Shell 8.0\bin\;C:\Users\lieds\AppData\Local\Microsoft\WindowsApps;C:\xampp\php;C:\Users\lieds\AppData\Local\ComposerSetup\bin;C:\Users\lieds\AppData\Roaming\Composer\vendor\bin;C:\Program Files\JetBrains\PyCharm Community Edition 2022.2.3\bin;;C:\Users\lieds\AppData\Local\GitHubDesktop\bin;C:\Users\lieds\AppData\Roaming\npm;." />
    <property name="libs.hamcrest.src" value="" />
    <property name="java.vendor" value="Azul Systems, Inc." />
    <property name="libs.testng.javadoc" value="C:\Program Files\NetBeans-15\netbeans\platform\docs\testng-6.13.1-javadoc.jar" />
    <property name="libs.groovy-all.src" value="" />
    <property name="meta.inf.dir" value="src/META-INF" />
    <property name="compile.on.save" value="true" />
    <property name="libs.testng.maven-pom" value="" />
    <property name="org.openide.version" value="deprecated" />
    <property name="test.includes" value="model/entities/ItemTest.java" />
    <property name="run.classpath" value="dist/Orca_simples.jar::build/classes" />
    <property name="libs.jaxb.src" value="" />
    <property name="sun.awt.enableExtraMouseButtons" value="true" />
    <property name="test.src.dir" value="test" />
    <property name="org.openide.major.version" value="IDE/1" />
    <property name="libs.spring-framework300.javadoc" value="" />
    <property name="ap.proc.none.internal" value="" />
    <property name="org.openide.specification.version" value="6.2" />
    <property name="user.timezone" value="America/Sao_Paulo" />
    <property name="jar.index" value="false" />
    <property name="libs.jpa20-persistence.classpath" value="C:\Program Files\NetBeans-15\netbeans\java\modules\ext\eclipselink\jakarta.persistence-2.2.3.jar" />
    <property name="libs.junit_5.classpath" value="C:\Program Files\NetBeans-15\netbeans\platform\modules\ext\junit-jupiter-api-5.6.0.jar;C:\Program Files\NetBeans-15\netbeans\platform\modules\ext\junit-jupiter-params-5.6.0.jar;C:\Program Files\NetBeans-15\netbeans\platform\modules\ext\junit-jupiter-engine-5.6.0.jar" />
    <property name="libs.eclipselinkmodelgen.javadoc" value="" />
    <property name="java.vm.specification.version" value="18" />
    <property name="javadoc.noindex" value="false" />
    <property name="javadoc.private" value="false" />
    <property name="libs.spring-webmvc4.0.maven-pom" value="" />
    <property name="javafx.preloader.enabled" value="false" />
    <property name="platforms.JDK_18.bootclasspath" value="C:\Program Files\Zulu\zulu-18\!/modules/java.base/;C:\Program Files\Zulu\zulu-18\!/modules/java.compiler/;C:\Program Files\Zulu\zulu-18\!/modules/java.datatransfer/;C:\Program Files\Zulu\zulu-18\!/modules/java.desktop/;C:\Program Files\Zulu\zulu-18\!/modules/java.instrument/;C:\Program Files\Zulu\zulu-18\!/modules/java.logging/;C:\Program Files\Zulu\zulu-18\!/modules/java.management/;C:\Program Files\Zulu\zulu-18\!/modules/java.management.rmi/;C:\Program Files\Zulu\zulu-18\!/modules/java.naming/;C:\Program Files\Zulu\zulu-18\!/modules/java.net.http/;C:\Program Files\Zulu\zulu-18\!/modules/java.prefs/;C:\Program Files\Zulu\zulu-18\!/modules/java.rmi/;C:\Program Files\Zulu\zulu-18\!/modules/java.scripting/;C:\Program Files\Zulu\zulu-18\!/modules/java.se/;C:\Program Files\Zulu\zulu-18\!/modules/java.security.jgss/;C:\Program Files\Zulu\zulu-18\!/modules/java.security.sasl/;C:\Program Files\Zulu\zulu-18\!/modules/java.smartcardio/;C:\Program Files\Zulu\zulu-18\!/modules/java.sql/;C:\Program Files\Zulu\zulu-18\!/modules/java.sql.rowset/;C:\Program Files\Zulu\zulu-18\!/modules/java.transaction.xa/;C:\Program Files\Zulu\zulu-18\!/modules/java.xml/;C:\Program Files\Zulu\zulu-18\!/modules/java.xml.crypto/;C:\Program Files\Zulu\zulu-18\!/modules/javafx.base/;C:\Program Files\Zulu\zulu-18\!/modules/javafx.controls/;C:\Program Files\Zulu\zulu-18\!/modules/javafx.fxml/;C:\Program Files\Zulu\zulu-18\!/modules/javafx.graphics/;C:\Program Files\Zulu\zulu-18\!/modules/javafx.media/;C:\Program Files\Zulu\zulu-18\!/modules/javafx.swing/;C:\Program Files\Zulu\zulu-18\!/modules/javafx.web/;C:\Program Files\Zulu\zulu-18\!/modules/jdk.accessibility/;C:\Program Files\Zulu\zulu-18\!/modules/jdk.attach/;C:\Program Files\Zulu\zulu-18\!/modules/jdk.charsets/;C:\Program Files\Zulu\zulu-18\!/modules/jdk.compiler/;C:\Program Files\Zulu\zulu-18\!/modules/jdk.crypto.cryptoki/;C:\Program Files\Zulu\zulu-18\!/modules/jdk.crypto.ec/;C:\Program Files\Zulu\zulu-18\!/modules/jdk.crypto.mscapi/;C:\Program Files\Zulu\zulu-18\!/modules/jdk.dynalink/;C:\Program Files\Zulu\zulu-18\!/modules/jdk.editpad/;C:\Program Files\Zulu\zulu-18\!/modules/jdk.hotspot.agent/;C:\Program Files\Zulu\zulu-18\!/modules/jdk.httpserver/;C:\Program Files\Zulu\zulu-18\!/modules/jdk.incubator.foreign/;C:\Program Files\Zulu\zulu-18\!/modules/jdk.incubator.vector/;C:\Program Files\Zulu\zulu-18\!/modules/jdk.internal.ed/;C:\Program Files\Zulu\zulu-18\!/modules/jdk.internal.jvmstat/;C:\Program Files\Zulu\zulu-18\!/modules/jdk.internal.le/;C:\Program Files\Zulu\zulu-18\!/modules/jdk.internal.opt/;C:\Program Files\Zulu\zulu-18\!/modules/jdk.internal.vm.ci/;C:\Program Files\Zulu\zulu-18\!/modules/jdk.internal.vm.compiler/;C:\Program Files\Zulu\zulu-18\!/modules/jdk.internal.vm.compiler.management/;C:\Program Files\Zulu\zulu-18\!/modules/jdk.jartool/;C:\Program Files\Zulu\zulu-18\!/modules/jdk.javadoc/;C:\Program Files\Zulu\zulu-18\!/modules/jdk.jcmd/;C:\Program Files\Zulu\zulu-18\!/modules/jdk.jconsole/;C:\Program Files\Zulu\zulu-18\!/modules/jdk.jdeps/;C:\Program Files\Zulu\zulu-18\!/modules/jdk.jdi/;C:\Program Files\Zulu\zulu-18\!/modules/jdk.jdwp.agent/;C:\Program Files\Zulu\zulu-18\!/modules/jdk.jfr/;C:\Program Files\Zulu\zulu-18\!/modules/jdk.jlink/;C:\Program Files\Zulu\zulu-18\!/modules/jdk.jpackage/;C:\Program Files\Zulu\zulu-18\!/modules/jdk.jshell/;C:\Program Files\Zulu\zulu-18\!/modules/jdk.jsobject/;C:\Program Files\Zulu\zulu-18\!/modules/jdk.jstatd/;C:\Program Files\Zulu\zulu-18\!/modules/jdk.localedata/;C:\Program Files\Zulu\zulu-18\!/modules/jdk.management/;C:\Program Files\Zulu\zulu-18\!/modules/jdk.management.agent/;C:\Program Files\Zulu\zulu-18\!/modules/jdk.management.jfr/;C:\Program Files\Zulu\zulu-18\!/modules/jdk.naming.dns/;C:\Program Files\Zulu\zulu-18\!/modules/jdk.naming.rmi/;C:\Program Files\Zulu\zulu-18\!/modules/jdk.net/;C:\Program Files\Zulu\zulu-18\!/modules/jdk.nio.mapmode/;C:\Program Files\Zulu\zulu-18\!/modules/jdk.random/;C:\Program Files\Zulu\zulu-18\!/modules/jdk.sctp/;C:\Program Files\Zulu\zulu-18\!/modules/jdk.security.auth/;C:\Program Files\Zulu\zulu-18\!/modules/jdk.security.jgss/;C:\Program Files\Zulu\zulu-18\!/modules/jdk.unsupported/;C:\Program Files\Zulu\zulu-18\!/modules/jdk.unsupported.desktop/;C:\Program Files\Zulu\zulu-18\!/modules/jdk.xml.dom/;C:\Program Files\Zulu\zulu-18\!/modules/jdk.zipfs/" />
    <property name="libs.JAXB-ENDORSED.maven-pom" value="" />
    <property name="user.home" value="C:\Users\lieds" />
    <property name="libs.eclipselinkmodelgen.maven-pom" value="" />
    <property name="have.sources" value="true" />
    <property name="annotation.processing.processors.list" value="" />
    <property name="javafx.signing.enabled" value="false" />
    <property name="jlink.launcher" value="false" />
    <property name="javac.deprecation" value="false" />
    <property name="javafx.preloader.jar.filename" value="" />
    <property name="platform.javac" value="C:\Program Files\Zulu\zulu-18/bin/javac" />
    <property name="build.generated.sources.dir" value="build/generated-sources" />
    <property name="plugin.manager.check.updates" value="false" />
    <property name="netbeans.autoupdate.language" value="pt" />
    <property name="build.compiler.emacs" value="true" />
    <property name="libs.eclipselinkmodelgen.src" value="" />
    <property name="build.classes.excludes" value="**/*.java,**/*.form" />
    <property name="dist.jar" value="dist/Orca_simples.jar" />
    <property name="libs.jakartaee-web-api-9.0.classpath" value="C:\Program Files\NetBeans-15\netbeans\enterprise\modules\ext\jakarta.jakartaee-web-api-9.0.0.jar" />
    <property name="libs.spring-webmvc4.0.classpath" value="C:\Program Files\NetBeans-15\netbeans\java\modules\ext\spring-4\spring-webmvc-4.3.29.RELEASE.jar" />
    <property name="libs.javaee-endorsed-api-7.0.javadoc" value="C:\Program Files\NetBeans-15\netbeans\enterprise\docs\javaee-doc-api.jar" />
    <property name="os.version" value="10.0" />
    <property name="netbeans.home" value="C:\Program Files\NetBeans-15\netbeans\platform" />
    <property name="ant.file.type.Orca_simples-impl" value="file" />
    <property name="libs.CopyLibs.javadoc" value="" />
    <property name="debug-transport-by-os" value="dt_shmem" />
    <property name="libs.JAVAFX.javadoc" value="" />
    <property name="libs.javaee-api-8.0.javadoc" value="C:\Program Files\NetBeans-15\netbeans\enterprise\docs\javaee-doc-api.jar" />
    <property name="libs.jsf20.src" value="" />
    <property name="java.vm.name" value="OpenJDK 64-Bit Server VM" />
    <property name="libs.jstl.javadoc" value="C:\Program Files\NetBeans-15\netbeans\enterprise\docs\javaee-doc-api.jar" />
    <property name="libs.javaee-endorsed-api-7.0.maven-pom" value="" />
    <property name="libs.jaxws21.classpath" value="C:\Program Files\NetBeans-15\netbeans\java\modules\ext\jaxws22\api\jakarta.jws-api.jar;C:\Program Files\NetBeans-15\netbeans\java\modules\ext\jaxws22\api\jakarta.xml.soap-api.jar;C:\Program Files\NetBeans-15\netbeans\java\modules\ext\jaxws22\api\jakarta.xml.ws-api.jar;C:\Program Files\NetBeans-15\netbeans\java\modules\ext\jaxws22\FastInfoset.jar;C:\Program Files\NetBeans-15\netbeans\java\modules\ext\jaxws22\gmbal-api-only.jar;C:\Program Files\NetBeans-15\netbeans\java\modules\ext\jaxws22\ha-api.jar;C:\Program Files\NetBeans-15\netbeans\java\modules\ext\jaxws22\jakarta.mail.jar;C:\Program Files\NetBeans-15\netbeans\java\modules\ext\jaxws22\jaxws-rt.jar;C:\Program Files\NetBeans-15\netbeans\java\modules\ext\jaxws22\jaxws-tools.jar;C:\Program Files\NetBeans-15\netbeans\java\modules\ext\jaxws22\management-api.jar;C:\Program Files\NetBeans-15\netbeans\java\modules\ext\jaxws22\mimepull.jar;C:\Program Files\NetBeans-15\netbeans\java\modules\ext\jaxws22\policy.jar;C:\Program Files\NetBeans-15\netbeans\java\modules\ext\jaxws22\saaj-impl.jar;C:\Program Files\NetBeans-15\netbeans\java\modules\ext\jaxws22\stax-ex.jar;C:\Program Files\NetBeans-15\netbeans\java\modules\ext\jaxws22\stax2-api.jar;C:\Program Files\NetBeans-15\netbeans\java\modules\ext\jaxws22\streambuffer.jar;C:\Program Files\NetBeans-15\netbeans\java\modules\ext\jaxws22\woodstox-core.jar;C:\Program Files\NetBeans-15\netbeans\ide\modules\ext\jaxb\api\jaxb-api.jar;C:\Program Files\NetBeans-15\netbeans\ide\modules\ext\jaxb\activation.jar;C:\Program Files\NetBeans-15\netbeans\ide\modules\ext\jaxb\jaxb-impl.jar;C:\Program Files\NetBeans-15\netbeans\ide\modules\ext\jaxb\jaxb-xjc.jar" />
    <property name="libs.restapi.classpath" value="C:\Program Files\NetBeans-15\netbeans\enterprise\modules\ext\jaxrs-2.1\jakarta.ws.rs-api-2.1.6.jar" />
    <property name="os.arch" value="amd64" />
    <property name="build.generated.dir" value="build/generated" />
    <property name="libs.groovy-all.javadoc" value="" />
    <property name="javafx.deploy.embedJNLP" value="true" />
    <property name="libs.jakartaee-api-8.0.classpath" value="C:\Program Files\NetBeans-15\netbeans\enterprise\modules\ext\jakarta.jakartaee-api-8.0.0.jar" />
    <property name="javafx.deploy.includeDT" value="true" />
    <property name="libs.javaee-web-api-7.0.javadoc" value="C:\Program Files\NetBeans-15\netbeans\enterprise\docs\javaee-doc-api.jar" />
    <property name="libs.javaee-endorsed-api-6.0.src" value="" />
    <property name="libs.jsf12.maven-pom" value="" />
    <property name="libs.javaee-endorsed-api-7.0.classpath" value="C:\Program Files\NetBeans-15\netbeans\enterprise\modules\ext\javaee7-endorsed\javax.annotation-api.jar;C:\Program Files\NetBeans-15\netbeans\enterprise\modules\ext\javaee7-endorsed\javax.xml.soap-api.jar;C:\Program Files\NetBeans-15\netbeans\enterprise\modules\ext\javaee7-endorsed\jaxb-api-osgi.jar;C:\Program Files\NetBeans-15\netbeans\enterprise\modules\ext\javaee7-endorsed\jaxws-api.jar;C:\Program Files\NetBeans-15\netbeans\enterprise\modules\ext\javaee7-endorsed\jsr181-api.jar" />
    <property name="libs.primefaces.maven-pom" value="" />
    <property name="org.netbeans.io.suspend" value="0" />
    <property name="ant.project.name" value="Orca_simples" />
    <property name="dist.javadoc.dir" value="dist/javadoc" />
    <property name="default.javac.target" value="19" />
    <property name="libs.eclipselink.classpath" value="C:\Program Files\NetBeans-15\netbeans\java\modules\ext\eclipselink\org.eclipse.persistence.core-2.7.10.jar;C:\Program Files\NetBeans-15\netbeans\java\modules\ext\eclipselink\org.eclipse.persistence.asm-9.2.0.jar;C:\Program Files\NetBeans-15\netbeans\java\modules\ext\eclipselink\org.eclipse.persistence.antlr-2.7.10.jar;C:\Program Files\NetBeans-15\netbeans\java\modules\ext\eclipselink\org.eclipse.persistence.jpa-2.7.10.jar;C:\Program Files\NetBeans-15\netbeans\java\modules\ext\eclipselink\org.eclipse.persistence.jpa.jpql-2.7.10.jar;C:\Program Files\NetBeans-15\netbeans\java\modules\ext\eclipselink\org.eclipse.persistence.moxy-2.7.10.jar;C:\Program Files\NetBeans-15\netbeans\java\modules\ext\eclipselink\jakarta.persistence-2.2.3.jar" />
    <property name="libs.struts.classpath" value="C:\Program Files\NetBeans-15\netbeans\enterprise\modules\ext\struts\antlr-2.7.2.jar;C:\Program Files\NetBeans-15\netbeans\enterprise\modules\ext\struts\bsf-2.3.0.jar;C:\Program Files\NetBeans-15\netbeans\enterprise\modules\ext\struts\commons-beanutils-1.8.0.jar;C:\Program Files\NetBeans-15\netbeans\enterprise\modules\ext\struts\commons-chain-1.2.jar;C:\Program Files\NetBeans-15\netbeans\enterprise\modules\ext\struts\commons-digester-1.8.jar;C:\Program Files\NetBeans-15\netbeans\enterprise\modules\ext\struts\commons-fileupload-1.1.1.jar;C:\Program Files\NetBeans-15\netbeans\enterprise\modules\ext\struts\commons-io-1.1.jar;C:\Program Files\NetBeans-15\netbeans\enterprise\modules\ext\struts\commons-logging-1.0.4.jar;C:\Program Files\NetBeans-15\netbeans\enterprise\modules\ext\struts\commons-validator-1.3.1.jar;C:\Program Files\NetBeans-15\netbeans\enterprise\modules\ext\struts\jstl-1.0.2.jar;C:\Program Files\NetBeans-15\netbeans\enterprise\modules\ext\struts\oro-2.0.8.jar;C:\Program Files\NetBeans-15\netbeans\enterprise\modules\ext\struts\standard-1.0.6.jar;C:\Program Files\NetBeans-15\netbeans\enterprise\modules\ext\struts\struts-core-1.3.10.jar;C:\Program Files\NetBeans-15\netbeans\enterprise\modules\ext\struts\struts-el-1.3.10.jar;C:\Program Files\NetBeans-15\netbeans\enterprise\modules\ext\struts\struts-extras-1.3.10.jar;C:\Program Files\NetBeans-15\netbeans\enterprise\modules\ext\struts\struts-faces-1.3.10.jar;C:\Program Files\NetBeans-15\netbeans\enterprise\modules\ext\struts\struts-mailreader-dao-1.3.10.jar;C:\Program Files\NetBeans-15\netbeans\enterprise\modules\ext\struts\struts-scripting-1.3.10.jar;C:\Program Files\NetBeans-15\netbeans\enterprise\modules\ext\struts\struts-taglib-1.3.10.jar;C:\Program Files\NetBeans-15\netbeans\enterprise\modules\ext\struts\struts-tiles-1.3.10.jar" />
    <property name="libs.PostgreSQLDriver.maven-pom" value="" />
    <property name="libs.absolutelayout.src" value="" />
    <property name="testng.mode" value="testng" />
    <property name="annotation.processing.enabled.in.editor" value="false" />
    <property name="java.vm.compressedOopsMode" value="32-bit" />
    <property name="native.bundling.enabled" value="false" />
    <property name="netbeans.productversion" value="Apache NetBeans IDE 15" />
    <property name="libs.JAVAFX.maven-pom" value="" />
    <property name="mkdist.disabled" value="false" />
    <property name="libs.javaee-web-api-6.0.javadoc" value="C:\Program Files\NetBeans-15\netbeans\enterprise\docs\javaee-doc-api.jar" />
    <property name="libs.groovy-all.classpath" value="C:\Program Files\NetBeans-15\netbeans\groovy\modules\ext\groovy-3.0.8.jar;C:\Program Files\NetBeans-15\netbeans\groovy\modules\ext\groovy-ant-3.0.8.jar" />
    <property name="libs.javaee-api-7.0.maven-pom" value="" />
    <property name="libs.absolutelayout.javadoc" value="" />
    <property name="annotation.processing.processor.options" value="" />
    <property name="libs.jaxb.maven-pom" value="" />
    <property name="libs.javaee-api-6.0.maven-pom" value="" />
    <property name="dist.dir" value="dist" />
    <property name="build.dir" value="build" />
    <property name="libs.graaljs.maven-pom" value="" />
    <property name="netbeans.autoupdate.variant" value="" />
    <property name="libs.JAVAFX.src" value="" />
    <property name="javadoc.version" value="false" />
    <property name="libs.metro.classpath" value="C:\Program Files\NetBeans-15\netbeans\ide\modules\ext\jaxb\activation.jar;C:\Program Files\NetBeans-15\netbeans\enterprise\modules\ext\metro\webservices-api.jar;C:\Program Files\NetBeans-15\netbeans\enterprise\modules\ext\metro\webservices-extra-api.jar;C:\Program Files\NetBeans-15\netbeans\enterprise\modules\ext\metro\webservices-extra.jar;C:\Program Files\NetBeans-15\netbeans\enterprise\modules\ext\metro\webservices-rt.jar;C:\Program Files\NetBeans-15\netbeans\enterprise\modules\ext\metro\webservices-tools.jar" />
    <property name="libs.metro.src" value="" />
    <property name="libs.CopyLibs.classpath" value="C:\Program Files\NetBeans-15\netbeans\java\ant\extra\org-netbeans-modules-java-j2seproject-copylibstask.jar" />
    <property name="sun.os.patch.level" value="" />
    <property name="javadoc.html5" value="false" />
    <property name="javac.test.processorpath" value=":build/classes:C:\Program Files\NetBeans-15\netbeans\platform\modules\ext\junit-4.13.2.jar:C:\Program Files\NetBeans-15\netbeans\platform\modules\ext\hamcrest-core-1.3.jar" />
    <property name="libs.javaee-web-api-7.0.maven-pom" value="" />
    <property name="libs.javaee-web-api-8.0.maven-pom" value="" />
    <property name="netbeans.dirs" value="C:\Program Files\NetBeans-15\netbeans\nb;C:\Program Files\NetBeans-15\netbeans\ergonomics;C:\Program Files\NetBeans-15\netbeans\ide;C:\Program Files\NetBeans-15\netbeans\extide;C:\Program Files\NetBeans-15\netbeans\java;C:\Program Files\NetBeans-15\netbeans\apisupport;C:\Program Files\NetBeans-15\netbeans\webcommon;C:\Program Files\NetBeans-15\netbeans\websvccommon;C:\Program Files\NetBeans-15\netbeans\enterprise;C:\Program Files\NetBeans-15\netbeans\mobility;C:\Program Files\NetBeans-15\netbeans\profiler;C:\Program Files\NetBeans-15\netbeans\python;C:\Program Files\NetBeans-15\netbeans\php;C:\Program Files\NetBeans-15\netbeans\identity;C:\Program Files\NetBeans-15\netbeans\harness;C:\Program Files\NetBeans-15\netbeans\cnd;C:\Program Files\NetBeans-15\netbeans\cndext;C:\Program Files\NetBeans-15\netbeans\cpplite;C:\Program Files\NetBeans-15\netbeans\dlight;C:\Program Files\NetBeans-15\netbeans\groovy;C:\Program Files\NetBeans-15\netbeans\extra;C:\Program Files\NetBeans-15\netbeans\javacard;C:\Program Files\NetBeans-15\netbeans\javafx" />
    <property name="javafx.deploy.allowoffline" value="true" />
    <property name="libs.hamcrest.maven-pom" value="" />
    <property name="javafx.signing.blob" value="false" />
    <property name="javac.processorpath" value="" />
    <property name="libs.javaee-api-6.0.javadoc" value="C:\Program Files\NetBeans-15\netbeans\enterprise\docs\javaee-doc-api.jar" />
    <property name="libs.JWSAntTasks.maven-pom" value="" />
    <property name="javafx.run.width" value="800" />
    <property name="javafx.rebase.libs" value="false" />
    <property name="platform.javac.tmp" value="${platforms.JDK_18.javac}" />
    <property name="javafx.preloader.class" value="" />
    <property name="run.modulepath" value="C:\Users\lieds\Downloads\openjfx-19_windows-x86_bin-sdk.zip" />
    <property name="apple.laf.useScreenMenuBar" value="true" />
    <property name="user.country" value="BR" />
    <property name="sun.java.launcher" value="SUN_STANDARD" />
    <property name="libs.jakartaee-api-9.0.maven-pom" value="" />
    <property name="libs.jpa20-persistence.src" value="" />
    <property name="libs.restapi.javadoc" value="" />
    <property name="endorsed.classpath" value="" />
    <property name="javac.test.sourcepath" value="C:\Users\lieds\OneDrive\Documentos\GitHub\Orca_simples\Orca_simples\build\empty" />
    <property name="libs.spring-webmvc3.0.maven-pom" value="" />
    <property name="includes" value="**" />
    <property name="libs.JAVAFX.classpath" value="C:\Users\lieds\Downloads\openjfx-19_windows-x86_bin-sdk.zip" />
    <property name="libs.jsf12.javadoc" value="C:\Program Files\NetBeans-15\netbeans\enterprise\docs\javaee-doc-api.jar" />
    <property name="libs.hamcrest.classpath" value="C:\Program Files\NetBeans-15\netbeans\platform\modules\ext\hamcrest-core-1.3.jar" />
    <property name="javadoc.splitindex" value="true" />
    <property name="libs.JWSAntTasks.classpath" value="C:\Program Files\NetBeans-15\netbeans\java\ant\extra\org-netbeans-modules-javawebstart-anttasks.jar" />
    <property name="junit.available" value="true" />
    <property name="javac.processormodulepath" value="" />
    <property name="javadoc.encoding" value="UTF-8" />
    <property name="libs.jsp-compilation-syscp.maven-pom" value="" />
    <property name="libs.jstl.src" value="" />
    <property name="netbeans.hash.code" value="unique=NB_EXTIDE_JAVA_PHP_WEBCOMMON_WEBEE06ce86410-3875-4468-baa4-f054a7276b15_75877b40-fdf0-475d-bbd1-30ce83ad9e29" />
    <property name="jlink.strip" value="false" />
    <property name="platform.javadoc" value="C:\Program Files\Zulu\zulu-18/bin/javadoc" />
    <property name="libs.spring-webmvc3.0.classpath" value="C:\Program Files\NetBeans-15\netbeans\java\modules\ext\spring-3.0\spring-webmvc-3.2.18.RELEASE.jar" />
    <property name="java.runtime.name" value="OpenJDK Runtime Environment" />
    <property name="libs.jaxb.javadoc" value="C:\Program Files\NetBeans-15\netbeans\ide\docs\jaxb-api-doc.jar" />
    <property name="manifest.available" value="true" />
    <property name="libs.spring-framework500.maven-pom" value="" />
    <property name="run.jvmargs.ide" value="" />
    <property name="ant.core.lib" value="C:\Program Files\NetBeans-15\netbeans\extide\ant\lib\ant.jar" />
    <property name="libs.jsp-compilation.maven-pom" value="" />
    <property name="javac.profile.cmd.line.arg" value="" />
    <property name="libs.jakartaee-api-9.0.classpath" value="C:\Program Files\NetBeans-15\netbeans\enterprise\modules\ext\jakarta.jakartaee-api-9.0.0.jar" />
    <property name="application.title" value="Orca_simples" />
    <property name="javac.test.modulepath" value="C:\Users\lieds\Downloads\openjfx-19_windows-x86_bin-sdk.zip" />
    <property name="libs.PostgreSQLDriver.javadoc" value="" />
    <property name="javafx.deploy.addstartmenushortcut" value="false" />
    <property name="libs.jsp-compilation-syscp.classpath" value="C:\Program Files\NetBeans-15\netbeans\extide\ant\lib\ant.jar;C:\Program Files\NetBeans-15\netbeans\enterprise\modules\ext\servlet3.1-jsp2.3-api.jar;C:\Program Files\NetBeans-15\netbeans\enterprise\modules\ext\glassfish-jspparser-4.0.jar;C:\Program Files\NetBeans-15\netbeans\enterprise\modules\ext\jstl-impl.jar;C:\Program Files\NetBeans-15\netbeans\enterprise\modules\ext\jsf-2_2\javax.faces.jar" />
    <property name="libs.jsp-compilation.classpath" value="C:\Program Files\NetBeans-15\netbeans\extide\ant\lib\ant.jar;C:\Program Files\NetBeans-15\netbeans\enterprise\modules\ext\servlet3.1-jsp2.3-api.jar;C:\Program Files\NetBeans-15\netbeans\enterprise\modules\ext\glassfish-jspparser-4.0.jar;C:\Program Files\NetBeans-15\netbeans\enterprise\modules\ext\jsf-2_2\javax.faces.jar;C:\Program Files\NetBeans-15\netbeans\enterprise\modules\ext\jstl-api.jar;C:\Program Files\NetBeans-15\netbeans\extide\ant\lib\ant-launcher.jar" />
    <property name="libs.javaee-api-6.0.classpath" value="C:\Program Files\NetBeans-15\netbeans\enterprise\modules\ext\javaee-api-6.0.jar" />
    <property name="javac.includesfile.binary" value="C:\Users\lieds\OneDrive\Documentos\GitHub\Orca_simples\Orca_simples\null1486332643" />
    <property name="libs.javaee-api-7.0.classpath" value="C:\Program Files\NetBeans-15\netbeans\enterprise\modules\ext\javaee-api-7.0.jar" />
    <property name="javafx.run.as" value="standalone" />
    <property name="sun.cpu.isalist" value="amd64" />
    <property name="libs.restapi.maven-pom" value="" />
    <property name="auxiliary.org-netbeans-modules-projectapi.issue214819_5f_fx_5f_enabled" value="true" />
    <property name="do.depend" value="false" />
    <property name="javadoc.preview" value="true" />
    <property name="sun.arch.data.model" value="64" />
    <property name="libs.jakartaee-web-api-9.0.maven-pom" value="" />
    <property name="javafx.signing.type" value="notsigned" />
    <property name="libs.javaee-endorsed-api-7.0.src" value="" />
    <property name="annotation.processing.enabled" value="true" />
    <property name="libs.junit_5.src" value="C:\Program Files\NetBeans-15\netbeans\platform\docs\junit-jupiter-api-5.6.0-sources.jar;C:\Program Files\NetBeans-15\netbeans\platform\docs\junit-jupiter-params-5.6.0-sources.jar;C:\Program Files\NetBeans-15\netbeans\platform\docs\junit-jupiter-engine-5.6.0-sources.jar" />
    <property name="libs.jaxb.classpath" value="C:\Program Files\NetBeans-15\netbeans\ide\modules\ext\jaxb\jaxb-impl.jar;C:\Program Files\NetBeans-15\netbeans\ide\modules\ext\jaxb\jaxb-xjc.jar;C:\Program Files\NetBeans-15\netbeans\ide\modules\ext\jaxb\activation.jar;C:\Program Files\NetBeans-15\netbeans\ide\modules\ext\jaxb\api\jaxb-api.jar" />
    <property name="libs.javaee-api-8.0.classpath" value="C:\Program Files\NetBeans-15\netbeans\enterprise\modules\ext\javaee-api-8.0.jar" />
    <property name="libs.CopyLibs.src" value="" />
    <property name="javafx.deploy.permissionselevated" value="false" />
    <property name="javafx.enabled" value="true" />
    <property name="java.specification.vendor" value="Oracle Corporation" />
    <property name="javac.source" value="1.8" />
    <property name="java.version.date" value="2022-08-18" />
    <property name="java.home" value="C:\Program Files\Zulu\zulu-18" />
    <property name="work.dir" value="C:\Users\lieds\OneDrive\Documentos\GitHub\Orca_simples\Orca_simples" />
    <property name="javac.test.compilerargs" value="" />
    <property name="jna.boot.library.name" value="jnidispatch-nb" />
    <property name="libs.PostgreSQLDriver.classpath" value="C:\Program Files\NetBeans-15\netbeans\ide\modules\ext\postgresql-42.2.16.jar" />
    <property name="libs.graaljs.javadoc" value="" />
    <property name="libs.spring-webmvc3.0.javadoc" value="" />
    <property name="libs.JAXB-ENDORSED.src" value="" />
    <property name="manifest.encoding" value="UTF-8" />
    <property name="user.script" value="" />
    <property name="manifest.custom.permissions" value="" />
    <property name="libs.spring-framework400.src" value="" />
    <property name="sun.management.compiler" value="HotSpot 64-Bit Tiered Compilers" />
    <property name="javafx.main.class" value="MenuOrca.Main_menu" />
    <property name="run.test.modulepath" value="C:\Users\lieds\Downloads\openjfx-19_windows-x86_bin-sdk.zip" />
    <property name="libs.graaljs.classpath" value="C:\Program Files\NetBeans-15\netbeans\webcommon\modules\ext\js-20.3.0.jar;C:\Program Files\NetBeans-15\netbeans\webcommon\modules\ext\js-launcher-20.3.0.jar;C:\Program Files\NetBeans-15\netbeans\webcommon\modules\ext\regex-20.3.0.jar;C:\Program Files\NetBeans-15\netbeans\webcommon\modules\ext\icu4j-67.1.jar;C:\Program Files\NetBeans-15\netbeans\ide\modules\ext\graal-sdk-20.3.0.jar;C:\Program Files\NetBeans-15\netbeans\ide\modules\ext\launcher-common-20.3.0.jar;C:\Program Files\NetBeans-15\netbeans\ide\modules\ext\truffle-api-20.3.0.jar" />
    <property name="libs.javaee-web-api-6.0.classpath" value="C:\Program Files\NetBeans-15\netbeans\enterprise\modules\ext\javaee-web-api-6.0.jar" />
    <property name="libs.jsp-compiler.javadoc" value="" />
    <property name="debug.test.modulepath" value="C:\Users\lieds\Downloads\openjfx-19_windows-x86_bin-sdk.zip" />
    <property name="ant.file.type.Orca_simples" value="file" />
    <property name="libs.javaee-web-api-7.0.classpath" value="C:\Program Files\NetBeans-15\netbeans\enterprise\modules\ext\javaee-web-api-7.0.jar" />
    <property name="file.encoding" value="UTF-8" />
    <property name="java.util.logging.config.class" value="org.netbeans.core.startup.TopLogging" />
    <property name="https.nonProxyHosts" value="localhost|127.0.0.1|DESKTOP-88708N4" />
    <property name="libs.restlib.javadoc" value="" />
    <property name="libs.absolutelayout.classpath" value="C:\Program Files\NetBeans-15\netbeans\java\modules\ext\AbsoluteLayout.jar" />
    <property name="libs.struts.maven-pom" value="" />
    <property name="built-jar.properties" value="C:\Users\lieds\OneDrive\Documentos\GitHub\Orca_simples\Orca_simples\build\built-jar.properties" />
    <property name="nb.native.filechooser" value="false" />
    <property name="libs.testng.src" value="" />
    <property name="libs.javaee-web-api-8.0.classpath" value="C:\Program Files\NetBeans-15\netbeans\enterprise\modules\ext\javaee-web-api-8.0.jar" />
    <property name="platform.active" value="JDK_18" />
    <property name="manifest.file" value="manifest.mf" />
    <property name="stderr.encoding" value="Cp1252" />
    <property name="endorsed.javafx.ant.classpath" value="." />
    <property name="sun.io.unicode.encoding" value="UnicodeLittle" />
    <property name="libs.struts.javadoc" value="C:\Program Files\NetBeans-15\netbeans\enterprise\docs\struts-1.3.10-javadoc.zip" />
    <property name="default.javac.source" value="19" />
    <property name="libs.javaee-web-api-8.0.javadoc" value="C:\Program Files\NetBeans-15\netbeans\enterprise\docs\javaee-doc-api.jar" />
    <property name="netbeans.dynamic.classpath" value="C:\Program Files\NetBeans-15\netbeans\platform\core\asm-9.3.jar;C:\Program Files\NetBeans-15\netbeans\platform\core\asm-commons-9.3.jar;C:\Program Files\NetBeans-15\netbeans\platform\core\asm-tree-9.3.jar;C:\Program Files\NetBeans-15\netbeans\platform\core\core-base.jar;C:\Program Files\NetBeans-15\netbeans\platform\core\core.jar;C:\Program Files\NetBeans-15\netbeans\platform\core\org-netbeans-libs-asm.jar;C:\Program Files\NetBeans-15\netbeans\platform\core\org-openide-filesystems-compat8.jar;C:\Program Files\NetBeans-15\netbeans\platform\core\org-openide-filesystems.jar;C:\Program Files\NetBeans-15\netbeans\nb\core\org-netbeans-upgrader.jar;C:\Program Files\NetBeans-15\netbeans\nb\core\locale\core_nb.jar" />
    <property name="platforms.JDK_18.home" value="C:\Program Files\Zulu\zulu-18" />
    <property name="libs.eclipselinkmodelgen.classpath" value="C:\Program Files\NetBeans-15\netbeans\java\modules\ext\eclipselink\org.eclipse.persistence.jpa.modelgen.processor-2.7.10.jar" />
    <property name="netbeans.buildnumber" value="15-387759c96ce1b891ec45ffaf524a53499455fe1a" />
    <property name="php.global.include.path" value="" />
    <property name="endorsed.classpath.cmd.line.arg" value="" />
    <property name="libs.jpa20-persistence.maven-pom" value="" />
    <property name="libs.CopyLibs.maven-pom" value="" />
    <property name="build.sysclasspath" value="ignore" />
    <property name="os.name" value="Windows 10" />
    <property name="libs.jakartaee-api-8.0.maven-pom" value="" />
    <property name="http.nonProxyHosts" value="localhost|127.0.0.1|DESKTOP-88708N4" />
    <property name="javadoc.author" value="false" />
    <property name="main.class" value="com.javafx.main.Main" />
    <property name="libs.jsp-compilation-syscp.javadoc" value="" />
    <property name="source.encoding" value="UTF-8" />
    <property name="jar.compress" value="false" />
    <property name="libs.javaee-api-7.0.javadoc" value="C:\Program Files\NetBeans-15\netbeans\enterprise\docs\javaee-doc-api.jar" />
    <property name="libs.spring-webmvc5.0.src" value="" />
    <property name="libs.jsf20.maven-pom" value="" />
    <property name="libs.restlib.classpath" value="C:\Program Files\NetBeans-15\netbeans\enterprise\modules\ext\jersey2\jakarta.annotation-api-1.3.5.jar;C:\Program Files\NetBeans-15\netbeans\enterprise\modules\ext\jersey2\jakarta.persistence-api-2.2.3.jar;C:\Program Files\NetBeans-15\netbeans\enterprise\modules\ext\jersey2\jakarta.servlet-api-4.0.4.jar;C:\Program Files\NetBeans-15\netbeans\enterprise\modules\ext\jersey2\jakarta.validation-api-2.0.2.jar;C:\Program Files\NetBeans-15\netbeans\enterprise\modules\ext\jersey2\jakarta.xml.bind-api-2.3.3.jar;C:\Program Files\NetBeans-15\netbeans\enterprise\modules\ext\jersey2\jersey-client-2.34.jar;C:\Program Files\NetBeans-15\netbeans\enterprise\modules\ext\jersey2\jersey-common-2.34.jar;C:\Program Files\NetBeans-15\netbeans\enterprise\modules\ext\jersey2\jersey-server-2.34.jar;C:\Program Files\NetBeans-15\netbeans\enterprise\modules\ext\jersey2\jersey-entity-filtering-2.34.jar;C:\Program Files\NetBeans-15\netbeans\enterprise\modules\ext\jersey2\jersey-hk2-2.34.jar;C:\Program Files\NetBeans-15\netbeans\enterprise\modules\ext\jersey2\jersey-media-moxy-2.34.jar;C:\Program Files\NetBeans-15\netbeans\enterprise\modules\ext\jersey2\jersey-container-servlet-2.34.jar;C:\Program Files\NetBeans-15\netbeans\enterprise\modules\ext\jersey2\jersey-container-servlet-core-2.34.jar;C:\Program Files\NetBeans-15\netbeans\enterprise\modules\ext\jersey2\hk2-api-2.6.1.jar;C:\Program Files\NetBeans-15\netbeans\enterprise\modules\ext\jersey2\hk2-locator-2.6.1.jar;C:\Program Files\NetBeans-15\netbeans\enterprise\modules\ext\jersey2\hk2-utils-2.6.1.jar;C:\Program Files\NetBeans-15\netbeans\enterprise\modules\ext\jersey2\jakarta.inject-2.6.1.jar;C:\Program Files\NetBeans-15\netbeans\enterprise\modules\ext\jersey2\aopalliance-repackaged-2.6.1.jar;C:\Program Files\NetBeans-15\netbeans\enterprise\modules\ext\jersey2\osgi.core-8.0.0.jar;C:\Program Files\NetBeans-15\netbeans\enterprise\modules\ext\jersey2\osgi-resource-locator-1.0.3.jar;C:\Program Files\NetBeans-15\netbeans\java\modules\ext\eclipselink\org.eclipse.persistence.core-2.7.10.jar;C:\Program Files\NetBeans-15\netbeans\java\modules\ext\eclipselink\org.eclipse.persistence.asm-9.2.0.jar;C:\Program Files\NetBeans-15\netbeans\java\modules\ext\eclipselink\org.eclipse.persistence.antlr-2.7.10.jar;C:\Program Files\NetBeans-15\netbeans\java\modules\ext\eclipselink\org.eclipse.persistence.jpa-2.7.10.jar;C:\Program Files\NetBeans-15\netbeans\java\modules\ext\eclipselink\org.eclipse.persistence.jpa.jpql-2.7.10.jar;C:\Program Files\NetBeans-15\netbeans\java\modules\ext\eclipselink\org.eclipse.persistence.moxy-2.7.10.jar" />
    <property name="libs.jakartaee-web-api-8.0.javadoc" value="C:\Program Files\NetBeans-15\netbeans\enterprise\docs\jakartaee8-doc-api.jar" />
    <property name="apple.awt.graphics.UseQuartz" value="true" />
    <property name="libs.graaljs.src" value="" />
    <property name="run.jvmargs" value="" />
    <property name="libs.primefaces.src" value="" />
    <property name="javafx.fallback.class" value="com.javafx.main.NoJavaFXFallback" />
    <property name="ant.file" value="C:\Users\lieds\OneDrive\Documentos\GitHub\Orca_simples\Orca_simples\build.xml" />
    <property name="libs.struts.src" value="" />
    <property name="stdout.encoding" value="Cp1252" />
    <property name="path.separator" value=";" />
    <property name="libs.JAXB-ENDORSED.classpath" value="C:\Program Files\NetBeans-15\netbeans\ide\modules\ext\jaxb\api\jaxb-api.jar" />
    <property name="libs.restlib.src" value="" />
    <property name="build.test.results.dir" value="build/test/results" />
    <property name="libs.jaxws21.javadoc" value="C:\Program Files\NetBeans-15\netbeans\java\docs\jaxws-api-doc.zip" />
    <property name="libs.javaee-endorsed-api-6.0.javadoc" value="C:\Program Files\NetBeans-15\netbeans\enterprise\docs\javaee-doc-api.jar" />
    <property name="libs.spring-framework400.maven-pom" value="" />
    <property name="ap.processors.internal" value="" />
    <property name="ant.file.Orca_simples-impl" value="C:\Users\lieds\OneDrive\Documentos\GitHub\Orca_simples\Orca_simples\nbproject\build-impl.xml" />
    <property name="libs.jsf12.classpath" value="C:\Program Files\NetBeans-15\netbeans\enterprise\modules\ext\jsf-1_2\jsf-api.jar;C:\Program Files\NetBeans-15\netbeans\enterprise\modules\ext\jsf-1_2\jsf-impl.jar" />
    <property name="libs.spring-webmvc5.0.javadoc" value="" />
    <property name="libs.hamcrest.javadoc" value="" />
    <property name="libs.spring-framework400.javadoc" value="" />
    <property name="platform.javadoc.tmp" value="${platforms.JDK_18.javadoc}" />
    <property name="do.jar" value="true" />
    <property name="java.vm.info" value="mixed mode, sharing" />
    <property name="libs.primefaces.classpath" value="C:\Program Files\NetBeans-15\netbeans\enterprise\modules\ext\primefaces\primefaces-5.0.jar" />
    <property name="libs.jaxws21.maven-pom" value="" />
    <property name="run.test.classpath" value=":build/classes:C:\Program Files\NetBeans-15\netbeans\platform\modules\ext\junit-4.13.2.jar:C:\Program Files\NetBeans-15\netbeans\platform\modules\ext\hamcrest-core-1.3.jar:build/test/classes" />
    <property name="java.class.version" value="62.0" />
    <property name="javadoc.encoding.used" value="UTF-8" />
    <property name="src.dir" value="src" />
    <property name="ant.project.default-target" value="default" />
    <property name="debug.classpath" value="dist/Orca_simples.jar::build/classes" />
    <property name="excludes" value="" />
    <property name="libs.javaee-api-7.0.src" value="" />
    <property name="platform.java.tmp" value="${platforms.JDK_18.java}" />
    <property name="javafx.preloader.jar.path" value="" />
    <property name="libs.junit_4.javadoc" value="C:\Program Files\NetBeans-15\netbeans\platform\docs\junit-4.13.2-javadoc.jar" />
    <property name="run.test.jvmargs" value="" />
    <property name="sun.jnu.encoding" value="Cp1252" />
    <property name="javafx.run.height" value="600" />
    <property name="libs.spring-webmvc4.0.src" value="" />
    <property name="sun.java2d.dpiaware" value="true" />
    <property name="main.class.available" value="true" />
    <property name="libs.jsf20.javadoc" value="C:\Program Files\NetBeans-15\netbeans\enterprise\docs\javaee-doc-api.jar" />
    <property name="jar.archive.disabled" value="true" />
    <property name="netbeans.importclass" value="org.netbeans.upgrade.AutoUpgrade" />
    <property name="netbeans.autoupdate.version" value="1.23" />
    <property name="empty.dir" value="C:\Users\lieds\OneDrive\Documentos\GitHub\Orca_simples\Orca_simples\build\empty" />
    <property name="javafx.deploy.installpermanently" value="false" />
    <property name="netbeans.user" value="C:\Users\lieds\AppData\Roaming\NetBeans\15" />
    <property name="javac.includes.binary" value="C:\Users\lieds\OneDrive\Documentos\GitHub\Orca_simples\Orca_simples\build\test\classes\model\entities\ItemTest.class" />
    <property name="file.separator" value="\" />
    <property name="line.separator" value="&#xd;&#xa;" />
    <property name="javadoc.additionalparam" value="" />
    <property name="libs.spring-webmvc5.0.classpath" value="C:\Program Files\NetBeans-15\netbeans\java\modules\ext\spring-5\spring-webmvc-5.2.9.RELEASE.jar" />
    <property name="javac.debug" value="true" />
    <property name="libs.restlib.maven-pom" value="" />
    <property name="libs.testng.classpath" value="C:\Program Files\NetBeans-15\netbeans\platform\modules\ext\testng-6.14.3.jar;C:\Program Files\NetBeans-15\netbeans\platform\modules\ext\jcommander-1.78.jar" />
    <property name="libs.jsp-compiler.src" value="" />
    <property name="user.name" value="lieds" />
    <property name="build.classes.dir" value="build/classes" />
    <property name="javadoc.windowtitle" value="" />
    <property name="nb.junit.single" value="false" />
    <property name="nb.internal.action.name" value="run.single" />
    <property name="libs.javaee-api-8.0.maven-pom" value="" />
    <property name="libs.jaxws21.src" value="" />
    <property name="javafx.disable.concurrent.runs" value="false" />
    <property name="compile.on.save.unsupported.javafx" value="true" />
    <property name="libs.jakartaee-web-api-9.0.javadoc" value="C:\Program Files\NetBeans-15\netbeans\enterprise\docs\jakartaee9-doc-api.jar" />
    <property name="jna.loaded" value="true" />
    <property name="libs.junit_5.maven-pom" value="" />
    <property name="libs.jpa20-persistence.javadoc" value="C:\Program Files\NetBeans-15\netbeans\java\modules\ext\docs\jakarta.persistence-2.2.3-doc.zip" />
    <property name="ant.junit.enabletestlistenerevents" value="true" />
    <property name="libs.JWSAntTasks.src" value="" />
    <property name="ant.home" value="C:\Program Files\NetBeans-15\netbeans\extide\ant" />
    <property name="libs.spring-webmvc3.0.src" value="" />
    <property name="debug.test.classpath" value=":build/classes:C:\Program Files\NetBeans-15\netbeans\platform\modules\ext\junit-4.13.2.jar:C:\Program Files\NetBeans-15\netbeans\platform\modules\ext\hamcrest-core-1.3.jar:build/test/classes" />
    <property name="have.tests" value="true" />
    <property name="javac.external.vm" value="false" />
    <property name="testng.debug.mode" value="" />
    <property name="javac.target" value="1.8" />
    <property name="ant.version" value="Apache Ant(TM) version 1.10.8 compiled on May 10 2020" />
    <property name="libs.absolutelayout.maven-pom" value="" />
    <property name="java.failonerror" value="true" />
    <property name="javac.modulepath" value="C:\Users\lieds\Downloads\openjfx-19_windows-x86_bin-sdk.zip" />
    <property name="libs.spring-framework500.src" value="" />
    <property name="javafx.binarycss" value="false" />
    <property name="libs.javaee-api-6.0.src" value="" />
    <property name="user.properties.file" value="C:\Users\lieds\AppData\Roaming\NetBeans\15\build.properties" />
    <property name="javac.includes" value="model/entities/ItemTest.java" />
    <property name="netbeans.autoupdate.country" value="BR" />
    <property name="java.class.path" value="C:\Users\lieds\OneDrive\Documentos\GitHub\Orca_simples\Orca_simples\build\classes;C:\Program Files\NetBeans-15\netbeans\platform\modules\ext\junit-4.13.2.jar;C:\Program Files\NetBeans-15\netbeans\platform\modules\ext\hamcrest-core-1.3.jar;C:\Users\lieds\OneDrive\Documentos\GitHub\Orca_simples\Orca_simples\build\test\classes;C:\Program Files\NetBeans-15\netbeans\extide\ant\lib\ant-launcher.jar;C:\Program Files\NetBeans-15\netbeans\extide\ant\lib\ant.jar;C:\Program Files\NetBeans-15\netbeans\extide\ant\lib\ant-junit.jar;C:\Program Files\NetBeans-15\netbeans\extide\ant\lib\ant-junit4.jar" />
    <property name="libs.javaee-web-api-6.0.maven-pom" value="" />
    <property name="java.vm.vendor" value="Azul Systems, Inc." />
    <property name="javafx.deploy.backgroundupdate" value="false" />
    <property name="ap.supported.internal" value="true" />
    <property name="user.variant" value="" />
    <property name="netbeans.home+have.tests" value="true" />
    <property name="test.binaryexcludes" value="" />
    <property name="javac.compilerargs" value="" />
    <property name="libs.jstl.maven-pom" value="" />
    <property name="libs.jakartaee-web-api-8.0.src" value="" />
    <property name="sun.cpu.endian" value="little" />
    <property name="libs.junit_4.src" value="C:\Program Files\NetBeans-15\netbeans\platform\docs\junit-4.13.2-sources.jar" />
    <property name="libs.jakartaee-api-9.0.src" value="" />
    <property name="user.language" value="pt" />
    <property name="copylibs.rebase" value="true" />
    <property name="libs.javaee-web-api-6.0.src" value="" />
    <property name="maven.defaultProjectBuilder.disableGlobalModelCache" value="true" />
    <property name="javadoc.nonavbar" value="false" />
    <property name="libs.javaee-api-8.0.src" value="" />
    <property name="ant.java.version" value="19" />
    <property name="javafx.deploy.disable.proxy" value="false" />
    <property name="libs.junit_4.classpath" value="C:\Program Files\NetBeans-15\netbeans\platform\modules\ext\junit-4.13.2.jar" />
    <property name="libs.jakartaee-api-9.0.javadoc" value="C:\Program Files\NetBeans-15\netbeans\enterprise\docs\jakartaee9-doc-api.jar" />
    <property name="jlink.launcher.name" value="Orca_simples" />
    <property name="test.binarytestincludes" value="" />
    <property name="sun.awt.keepWorkingSetOnMinimize" value="true" />
    <property name="libs.junit_4.maven-pom" value="" />
    <property name="libs.spring-webmvc5.0.maven-pom" value="" />
    <property name="libs.jsp-compiler.maven-pom" value="" />
    <property name="runtime.encoding" value="UTF-8" />
    <property name="javac.classpath" value="" />
    <property name="libs.jakartaee-web-api-8.0.classpath" value="C:\Program Files\NetBeans-15\netbeans\enterprise\modules\ext\jakarta.jakartaee-web-api-8.0.0.jar" />
    <property name="nb.junit.batch" value="true" />
    <property name="build.test.classes.dir" value="build/test/classes" />
    <property name="javafx.application.implementation.version" value="1.0" />
    <property name="javafx.preloader.type" value="none" />
    <property name="libs.spring-framework300.maven-pom" value="" />
    <property name="platforms.JDK_18.compiler" value="modern" />
    <property name="ant.project.invoked-targets" value="test-single" />
    <property name="libs.jstl.classpath" value="C:\Program Files\NetBeans-15\netbeans\enterprise\modules\ext\jstl-impl.jar;C:\Program Files\NetBeans-15\netbeans\enterprise\modules\ext\jstl-api.jar" />
    <property name="ap.cmd.line.internal" value="" />
    <property name="libs.PostgreSQLDriver.src" value="" />
    <property name="platform.compiler" value="${platforms.JDK_18.compile}" />
    <property name="java.vendor.url.bug" value="http://www.azul.com/support/" />
    <property name="annotation.processing.source.output" value="build/generated-sources/ap-source-output" />
    <property name="libs.javaee-endorsed-api-6.0.maven-pom" value="" />
    <property name="user.dir" value="C:\Users\lieds\OneDrive\Documentos\GitHub\Orca_simples\Orca_simples" />
    <property name="platform.java" value="C:\Program Files\Zulu\zulu-18/bin/java" />
    <property name="application.args" value="" />
    <property name="org.xml.sax.driver" value="com.sun.org.apache.xerces.internal.jaxp.SAXParserImpl$JAXPSAXParser" />
    <property name="libs.jakartaee-web-api-8.0.maven-pom" value="" />
    <property name="libs.eclipselink.src" value="" />
    <property name="java.vm.version" value="18.0.2.1+1" />
    <property name="manifest.custom.codebase" value="*" />
    <property name="libs.metro.javadoc" value="C:\Program Files\NetBeans-15\netbeans\enterprise\docs\webservices-api-javadoc.jar;C:\Program Files\NetBeans-15\netbeans\enterprise\docs\webservices-extra-javadoc.jar;C:\Program Files\NetBeans-15\netbeans\enterprise\docs\webservices-extra-api-javadoc.jar;C:\Program Files\NetBeans-15\netbeans\enterprise\docs\webservices-rt-javadoc.jar;C:\Program Files\NetBeans-15\netbeans\enterprise\docs\webservices-tools-javadoc.jar" />
    <property name="libs.jakartaee-web-api-9.0.src" value="" />
    <property name="sun.awt.datatransfer.timeout" value="1000" />
    <property name="test.class" value="model.entities.ItemTest" />
    <property name="annotation.processing.run.all.processors" value="true" />
    <property name="junit.forkmode" value="perTest" />
    <property name="libs.jakartaee-api-8.0.src" value="" />
    <property name="libs.javaee-web-api-7.0.src" value="" />
    <property name="libs.jsp-compiler.classpath" value="C:\Program Files\NetBeans-15\netbeans\enterprise\ant\extra\jspcompile.jar" />
    <property name="libs.javaee-endorsed-api-6.0.classpath" value="C:\Program Files\NetBeans-15\netbeans\enterprise\modules\ext\javaee6-endorsed\javax.annotation.jar;C:\Program Files\NetBeans-15\netbeans\enterprise\modules\ext\javaee6-endorsed\jaxb-api-osgi.jar;C:\Program Files\NetBeans-15\netbeans\enterprise\modules\ext\javaee6-endorsed\webservices-api-osgi.jar" />
  </properties>
  <testcase classname="model.entities.ItemTest" name="testRemoveLinkFromLinkedFrom" time="0.013" />
  <testcase classname="model.entities.ItemTest" name="testAddLink" time="0.0" />
  <testcase classname="model.entities.ItemTest" name="testReceiveLink" time="0.0" />
  <testcase classname="model.entities.ItemTest" name="testRemoveLinkFromLinkedTo" time="0.001" />
  <system-out><![CDATA[removeLinkFromLinkedFrom
addLink
receiveLink
removeLinkFromLinkedTo
]]></system-out>
  <system-err><![CDATA[]]></system-err>
</testsuite>
